*** Using Compiler 'V5.06 update 4 (build 422)', folder: 'D:\software\MDK5\ARM\ARMCC\Bin'
Build target 'servoControl'
compiling main.c...
compiling stm32f1xx_it.c...
compiling usart.c...
compiling ServoControl.c...
compiling fsmc.c...
compiling gpio.c...
compiling stm32f1xx_hal_msp.c...
compiling DMASerial.c...
compiling tim.c...
compiling dma.c...
compiling malloc.c...
compiling SteppingMotorControl.c...
compiling Process.c...
..\User\Process.c(8): warning:  #223-D: function "nextProcess" declared implicitly
      nextProcess();
..\User\Process.c(37): error:  #159: declaration is incompatible with previous "nextProcess"  (declared at line 8)
  void nextProcess(void)
..\User\Process.c: 1 warning, 1 error
compiling Key.c...
compiling 10msRefresh.c...
compiling Beep.c...
compiling Led.c...
"servoControl\motorControl.axf" - 1 Error(s), 1 Warning(s).
Target not created.
Build Time Elapsed:  00:00:08
